0 info it worked if it ends with ok
1 verbose cli [ '/home/furkan/.meteor/packages/meteor-tool/.1.4.2_3.17tso1e++os.linux.x86_64+web.browser+web.cordova/mt-os.linux.x86_64/dev_bundle/bin/node',
1 verbose cli   '/home/furkan/.meteor/packages/meteor-tool/.1.4.2_3.17tso1e++os.linux.x86_64+web.browser+web.cordova/mt-os.linux.x86_64/dev_bundle/bin/npm',
1 verbose cli   'install',
1 verbose cli   '--save',
1 verbose cli   'ActivityIndicator',
1 verbose cli   'ReactNativeART',
1 verbose cli   'Button' ]
2 info using npm@3.10.9
3 info using node@v4.6.2
4 silly loadCurrentTree Starting
5 silly install loadCurrentTree
6 silly install readLocalPackageData
7 silly fetchPackageMetaData ActivityIndicator
8 silly fetchPackageMetaData ReactNativeART
9 silly fetchPackageMetaData Button
10 silly fetchNamedPackageData ActivityIndicator
11 silly mapToRegistry name ActivityIndicator
12 silly mapToRegistry using default registry
13 silly mapToRegistry registry https://registry.npmjs.org/
14 silly mapToRegistry data Result {
14 silly mapToRegistry   raw: 'ActivityIndicator',
14 silly mapToRegistry   scope: null,
14 silly mapToRegistry   escapedName: 'ActivityIndicator',
14 silly mapToRegistry   name: 'ActivityIndicator',
14 silly mapToRegistry   rawSpec: '',
14 silly mapToRegistry   spec: 'latest',
14 silly mapToRegistry   type: 'tag' }
15 silly mapToRegistry uri https://registry.npmjs.org/ActivityIndicator
16 silly fetchNamedPackageData ReactNativeART
17 silly mapToRegistry name ReactNativeART
18 silly mapToRegistry using default registry
19 silly mapToRegistry registry https://registry.npmjs.org/
20 silly mapToRegistry data Result {
20 silly mapToRegistry   raw: 'ReactNativeART',
20 silly mapToRegistry   scope: null,
20 silly mapToRegistry   escapedName: 'ReactNativeART',
20 silly mapToRegistry   name: 'ReactNativeART',
20 silly mapToRegistry   rawSpec: '',
20 silly mapToRegistry   spec: 'latest',
20 silly mapToRegistry   type: 'tag' }
21 silly mapToRegistry uri https://registry.npmjs.org/ReactNativeART
22 silly fetchNamedPackageData Button
23 silly mapToRegistry name Button
24 silly mapToRegistry using default registry
25 silly mapToRegistry registry https://registry.npmjs.org/
26 silly mapToRegistry data Result {
26 silly mapToRegistry   raw: 'Button',
26 silly mapToRegistry   scope: null,
26 silly mapToRegistry   escapedName: 'Button',
26 silly mapToRegistry   name: 'Button',
26 silly mapToRegistry   rawSpec: '',
26 silly mapToRegistry   spec: 'latest',
26 silly mapToRegistry   type: 'tag' }
27 silly mapToRegistry uri https://registry.npmjs.org/Button
28 verbose request uri https://registry.npmjs.org/ActivityIndicator
29 verbose request no auth needed
30 info attempt registry request try #1 at 12:55:15 PM
31 verbose request id aea845f7cbe790e2
32 http request GET https://registry.npmjs.org/ActivityIndicator
33 verbose request uri https://registry.npmjs.org/ReactNativeART
34 verbose request no auth needed
35 info attempt registry request try #1 at 12:55:15 PM
36 http request GET https://registry.npmjs.org/ReactNativeART
37 verbose request uri https://registry.npmjs.org/Button
38 verbose request no auth needed
39 info attempt registry request try #1 at 12:55:15 PM
40 http request GET https://registry.npmjs.org/Button
41 http 200 https://registry.npmjs.org/Button
42 verbose headers { server: 'nginx/1.10.1',
42 verbose headers   'content-type': 'application/json',
42 verbose headers   'last-modified': 'Sat, 19 Nov 2016 02:20:15 GMT',
42 verbose headers   etag: 'W/"582fb6df-814"',
42 verbose headers   'content-encoding': 'gzip',
42 verbose headers   'cache-control': 'max-age=300',
42 verbose headers   'content-length': '883',
42 verbose headers   'accept-ranges': 'bytes',
42 verbose headers   date: 'Wed, 14 Dec 2016 10:55:16 GMT',
42 verbose headers   via: '1.1 varnish',
42 verbose headers   age: '0',
42 verbose headers   connection: 'keep-alive',
42 verbose headers   'x-served-by': 'cache-lhr6340-LHR',
42 verbose headers   'x-cache': 'MISS',
42 verbose headers   'x-cache-hits': '0',
42 verbose headers   'x-timer': 'S1481712916.189531,VS0,VE30',
42 verbose headers   vary: 'Accept-Encoding' }
43 silly get cb [ 200,
43 silly get   { server: 'nginx/1.10.1',
43 silly get     'content-type': 'application/json',
43 silly get     'last-modified': 'Sat, 19 Nov 2016 02:20:15 GMT',
43 silly get     etag: 'W/"582fb6df-814"',
43 silly get     'content-encoding': 'gzip',
43 silly get     'cache-control': 'max-age=300',
43 silly get     'content-length': '883',
43 silly get     'accept-ranges': 'bytes',
43 silly get     date: 'Wed, 14 Dec 2016 10:55:16 GMT',
43 silly get     via: '1.1 varnish',
43 silly get     age: '0',
43 silly get     connection: 'keep-alive',
43 silly get     'x-served-by': 'cache-lhr6340-LHR',
43 silly get     'x-cache': 'MISS',
43 silly get     'x-cache-hits': '0',
43 silly get     'x-timer': 'S1481712916.189531,VS0,VE30',
43 silly get     vary: 'Accept-Encoding' } ]
44 verbose get saving Button to /home/furkan/.meteor/packages/meteor-tool/.1.4.2_3.17tso1e++os.linux.x86_64+web.browser+web.cordova/mt-os.linux.x86_64/dev_bundle/.npm/registry.npmjs.org/Button/.cache.json
45 verbose correctMkdir /home/furkan/.meteor/packages/meteor-tool/.1.4.2_3.17tso1e++os.linux.x86_64+web.browser+web.cordova/mt-os.linux.x86_64/dev_bundle/.npm correctMkdir not in flight; initializing
46 http 404 https://registry.npmjs.org/ActivityIndicator
47 verbose headers { 'content-type': 'application/json',
47 verbose headers   'cache-control': 'max-age=0',
47 verbose headers   'content-length': '2',
47 verbose headers   'accept-ranges': 'bytes',
47 verbose headers   date: 'Wed, 14 Dec 2016 10:55:16 GMT',
47 verbose headers   via: '1.1 varnish',
47 verbose headers   age: '0',
47 verbose headers   connection: 'keep-alive',
47 verbose headers   'x-served-by': 'cache-hhn1534-HHN',
47 verbose headers   'x-cache': 'MISS',
47 verbose headers   'x-cache-hits': '0',
47 verbose headers   'x-timer': 'S1481712916.155874,VS0,VE408',
47 verbose headers   vary: 'Accept-Encoding' }
48 silly get cb [ 404,
48 silly get   { 'content-type': 'application/json',
48 silly get     'cache-control': 'max-age=0',
48 silly get     'content-length': '2',
48 silly get     'accept-ranges': 'bytes',
48 silly get     date: 'Wed, 14 Dec 2016 10:55:16 GMT',
48 silly get     via: '1.1 varnish',
48 silly get     age: '0',
48 silly get     connection: 'keep-alive',
48 silly get     'x-served-by': 'cache-hhn1534-HHN',
48 silly get     'x-cache': 'MISS',
48 silly get     'x-cache-hits': '0',
48 silly get     'x-timer': 'S1481712916.155874,VS0,VE408',
48 silly get     vary: 'Accept-Encoding' } ]
49 silly fetchPackageMetaData Error: Registry returned 404 for GET on https://registry.npmjs.org/ActivityIndicator
49 silly fetchPackageMetaData     at makeError (/home/furkan/.meteor/packages/meteor-tool/.1.4.2_3.17tso1e++os.linux.x86_64+web.browser+web.cordova/mt-os.linux.x86_64/dev_bundle/lib/node_modules/npm/node_modules/npm-registry-client/lib/request.js:302:12)
49 silly fetchPackageMetaData     at CachingRegistryClient.<anonymous> (/home/furkan/.meteor/packages/meteor-tool/.1.4.2_3.17tso1e++os.linux.x86_64+web.browser+web.cordova/mt-os.linux.x86_64/dev_bundle/lib/node_modules/npm/node_modules/npm-registry-client/lib/request.js:280:14)
49 silly fetchPackageMetaData     at Request._callback (/home/furkan/.meteor/packages/meteor-tool/.1.4.2_3.17tso1e++os.linux.x86_64+web.browser+web.cordova/mt-os.linux.x86_64/dev_bundle/lib/node_modules/npm/node_modules/npm-registry-client/lib/request.js:210:14)
49 silly fetchPackageMetaData     at Request.self.callback (/home/furkan/.meteor/packages/meteor-tool/.1.4.2_3.17tso1e++os.linux.x86_64+web.browser+web.cordova/mt-os.linux.x86_64/dev_bundle/lib/node_modules/npm/node_modules/request/request.js:187:22)
49 silly fetchPackageMetaData     at emitTwo (events.js:87:13)
49 silly fetchPackageMetaData     at Request.emit (events.js:172:7)
49 silly fetchPackageMetaData     at Request.<anonymous> (/home/furkan/.meteor/packages/meteor-tool/.1.4.2_3.17tso1e++os.linux.x86_64+web.browser+web.cordova/mt-os.linux.x86_64/dev_bundle/lib/node_modules/npm/node_modules/request/request.js:1048:10)
49 silly fetchPackageMetaData     at emitOne (events.js:77:13)
49 silly fetchPackageMetaData     at Request.emit (events.js:169:7)
49 silly fetchPackageMetaData     at IncomingMessage.<anonymous> (/home/furkan/.meteor/packages/meteor-tool/.1.4.2_3.17tso1e++os.linux.x86_64+web.browser+web.cordova/mt-os.linux.x86_64/dev_bundle/lib/node_modules/npm/node_modules/request/request.js:969:12)
49 silly fetchPackageMetaData  error for ActivityIndicator { [Error: Registry returned 404 for GET on https://registry.npmjs.org/ActivityIndicator] pkgid: 'ActivityIndicator', statusCode: 404, code: 'E404' }
50 http 404 https://registry.npmjs.org/ReactNativeART
51 verbose headers { 'content-type': 'application/json',
51 verbose headers   'cache-control': 'max-age=0',
51 verbose headers   'content-length': '2',
51 verbose headers   'accept-ranges': 'bytes',
51 verbose headers   date: 'Wed, 14 Dec 2016 10:55:16 GMT',
51 verbose headers   via: '1.1 varnish',
51 verbose headers   age: '0',
51 verbose headers   connection: 'keep-alive',
51 verbose headers   'x-served-by': 'cache-lhr6326-LHR',
51 verbose headers   'x-cache': 'MISS',
51 verbose headers   'x-cache-hits': '0',
51 verbose headers   'x-timer': 'S1481712916.190791,VS0,VE646',
51 verbose headers   vary: 'Accept-Encoding' }
52 silly get cb [ 404,
52 silly get   { 'content-type': 'application/json',
52 silly get     'cache-control': 'max-age=0',
52 silly get     'content-length': '2',
52 silly get     'accept-ranges': 'bytes',
52 silly get     date: 'Wed, 14 Dec 2016 10:55:16 GMT',
52 silly get     via: '1.1 varnish',
52 silly get     age: '0',
52 silly get     connection: 'keep-alive',
52 silly get     'x-served-by': 'cache-lhr6326-LHR',
52 silly get     'x-cache': 'MISS',
52 silly get     'x-cache-hits': '0',
52 silly get     'x-timer': 'S1481712916.190791,VS0,VE646',
52 silly get     vary: 'Accept-Encoding' } ]
53 silly fetchPackageMetaData Error: Registry returned 404 for GET on https://registry.npmjs.org/ReactNativeART
53 silly fetchPackageMetaData     at makeError (/home/furkan/.meteor/packages/meteor-tool/.1.4.2_3.17tso1e++os.linux.x86_64+web.browser+web.cordova/mt-os.linux.x86_64/dev_bundle/lib/node_modules/npm/node_modules/npm-registry-client/lib/request.js:302:12)
53 silly fetchPackageMetaData     at CachingRegistryClient.<anonymous> (/home/furkan/.meteor/packages/meteor-tool/.1.4.2_3.17tso1e++os.linux.x86_64+web.browser+web.cordova/mt-os.linux.x86_64/dev_bundle/lib/node_modules/npm/node_modules/npm-registry-client/lib/request.js:280:14)
53 silly fetchPackageMetaData     at Request._callback (/home/furkan/.meteor/packages/meteor-tool/.1.4.2_3.17tso1e++os.linux.x86_64+web.browser+web.cordova/mt-os.linux.x86_64/dev_bundle/lib/node_modules/npm/node_modules/npm-registry-client/lib/request.js:210:14)
53 silly fetchPackageMetaData     at Request.self.callback (/home/furkan/.meteor/packages/meteor-tool/.1.4.2_3.17tso1e++os.linux.x86_64+web.browser+web.cordova/mt-os.linux.x86_64/dev_bundle/lib/node_modules/npm/node_modules/request/request.js:187:22)
53 silly fetchPackageMetaData     at emitTwo (events.js:87:13)
53 silly fetchPackageMetaData     at Request.emit (events.js:172:7)
53 silly fetchPackageMetaData     at Request.<anonymous> (/home/furkan/.meteor/packages/meteor-tool/.1.4.2_3.17tso1e++os.linux.x86_64+web.browser+web.cordova/mt-os.linux.x86_64/dev_bundle/lib/node_modules/npm/node_modules/request/request.js:1048:10)
53 silly fetchPackageMetaData     at emitOne (events.js:77:13)
53 silly fetchPackageMetaData     at Request.emit (events.js:169:7)
53 silly fetchPackageMetaData     at IncomingMessage.<anonymous> (/home/furkan/.meteor/packages/meteor-tool/.1.4.2_3.17tso1e++os.linux.x86_64+web.browser+web.cordova/mt-os.linux.x86_64/dev_bundle/lib/node_modules/npm/node_modules/request/request.js:969:12)
53 silly fetchPackageMetaData  error for ReactNativeART { [Error: Registry returned 404 for GET on https://registry.npmjs.org/ReactNativeART] pkgid: 'ReactNativeART', statusCode: 404, code: 'E404' }
54 silly rollbackFailedOptional Starting
55 silly rollbackFailedOptional Finishing
56 silly runTopLevelLifecycles Finishing
57 silly install printInstalled
58 verbose stack Error: Registry returned 404 for GET on https://registry.npmjs.org/ActivityIndicator
58 verbose stack     at makeError (/home/furkan/.meteor/packages/meteor-tool/.1.4.2_3.17tso1e++os.linux.x86_64+web.browser+web.cordova/mt-os.linux.x86_64/dev_bundle/lib/node_modules/npm/node_modules/npm-registry-client/lib/request.js:302:12)
58 verbose stack     at CachingRegistryClient.<anonymous> (/home/furkan/.meteor/packages/meteor-tool/.1.4.2_3.17tso1e++os.linux.x86_64+web.browser+web.cordova/mt-os.linux.x86_64/dev_bundle/lib/node_modules/npm/node_modules/npm-registry-client/lib/request.js:280:14)
58 verbose stack     at Request._callback (/home/furkan/.meteor/packages/meteor-tool/.1.4.2_3.17tso1e++os.linux.x86_64+web.browser+web.cordova/mt-os.linux.x86_64/dev_bundle/lib/node_modules/npm/node_modules/npm-registry-client/lib/request.js:210:14)
58 verbose stack     at Request.self.callback (/home/furkan/.meteor/packages/meteor-tool/.1.4.2_3.17tso1e++os.linux.x86_64+web.browser+web.cordova/mt-os.linux.x86_64/dev_bundle/lib/node_modules/npm/node_modules/request/request.js:187:22)
58 verbose stack     at emitTwo (events.js:87:13)
58 verbose stack     at Request.emit (events.js:172:7)
58 verbose stack     at Request.<anonymous> (/home/furkan/.meteor/packages/meteor-tool/.1.4.2_3.17tso1e++os.linux.x86_64+web.browser+web.cordova/mt-os.linux.x86_64/dev_bundle/lib/node_modules/npm/node_modules/request/request.js:1048:10)
58 verbose stack     at emitOne (events.js:77:13)
58 verbose stack     at Request.emit (events.js:169:7)
58 verbose stack     at IncomingMessage.<anonymous> (/home/furkan/.meteor/packages/meteor-tool/.1.4.2_3.17tso1e++os.linux.x86_64+web.browser+web.cordova/mt-os.linux.x86_64/dev_bundle/lib/node_modules/npm/node_modules/request/request.js:969:12)
59 verbose statusCode 404
60 verbose pkgid ActivityIndicator
61 verbose cwd /home/furkan/sites/myReactProject
62 error Linux 4.4.0-53-generic
63 error argv "/home/furkan/.meteor/packages/meteor-tool/.1.4.2_3.17tso1e++os.linux.x86_64+web.browser+web.cordova/mt-os.linux.x86_64/dev_bundle/bin/node" "/home/furkan/.meteor/packages/meteor-tool/.1.4.2_3.17tso1e++os.linux.x86_64+web.browser+web.cordova/mt-os.linux.x86_64/dev_bundle/bin/npm" "install" "--save" "ActivityIndicator" "ReactNativeART" "Button"
64 error node v4.6.2
65 error npm  v3.10.9
66 error code E404
67 error 404 Registry returned 404 for GET on https://registry.npmjs.org/ActivityIndicator
68 error 404
69 error 404 'ActivityIndicator' is not in the npm registry.
70 error 404 Your package name is not valid, because
71 error 404 1. name can no longer contain capital letters
72 error 404 Note that you can also install from a
73 error 404 tarball, folder, http url, or git url.
74 verbose exit [ 1, true ]
